<?xml version="1.0" encoding="UTF-8"?>
<!-- Generated by org.testng.reporters.JUnitXMLReporter -->
<testsuite hostname="LKB-L-024" name="chrome" tests="4" failures="0" timestamp="5 Apr 2018 10:11:36 GMT" time="71.845" errors="0">
  <testcase name="createReport" time="0.86" classname="quixxiversion3.ChromeBrowser"/>
  <testcase name="chrome" time="17.369" classname="quixxiversion3.ChromeBrowser"/>
  <testcase name="signin" time="23.107" classname="quixxiversion3.SignInPage"/>
  <testcase name="signout" time="29.907" classname="quixxiversion3.Logout"/>
</testsuite> <!-- chrome -->
