<?xml version="1.0" encoding="UTF-8"?>
<!-- Generated by org.testng.reporters.JUnitXMLReporter -->
<testsuite hostname="LKB-L-024" name="explorer" tests="3" failures="0" timestamp="16 Oct 2017 10:25:39 GMT" time="43.169" errors="0">
  <testcase name="explorer" time="16.608" classname="quixxiversion3.ExplorerBrowser"/>
  <testcase name="signin" time="11.112" classname="quixxiversion3.SignInPage"/>
  <testcase name="signout" time="14.893" classname="quixxiversion3.Logout"/>
</testsuite> <!-- explorer -->
