<?xml version="1.0" encoding="UTF-8"?>
<!-- Generated by org.testng.reporters.JUnitXMLReporter -->
<testsuite hostname="LKB-L-024" name="firefox" tests="6" failures="1" timestamp="10 Oct 2017 12:18:12 GMT" time="268.339" errors="0">
  <testcase name="firefox" time="29.62" classname="quixxiversion3.FirefoxBrowser"/>
  <testcase name="signin" time="13.398" classname="quixxiversion3.SignInPage"/>
  <testcase name="Settings" time="142.515" classname="quixxiversion3.QuixxiAccount"/>
  <testcase name="subscriptionsForSecurity" time="25.58" classname="quixxiversion3.SubscriptionScreen"/>
  <testcase name="SubscriptionForControl" time="56.802" classname="quixxiversion3.SubscriptionScreen"/>
  <testcase name="signout" time="0.394" classname="quixxiversion3.Logout">
    <failure type="org.openqa.selenium.ElementNotInteractableException" message="
Build info: version: &amp;apos;3.6.0&amp;apos;, revision: &amp;apos;6fbf3ec767&amp;apos;, time: &amp;apos;2017-09-27T15:28:36.4Z&amp;apos;
System info: host: &amp;apos;LKB-L-024&amp;apos;, ip: &amp;apos;10.0.0.101&amp;apos;, os.name: &amp;apos;Windows 8.1&amp;apos;, os.arch: &amp;apos;amd64&amp;apos;, os.version: &amp;apos;6.3&amp;apos;, java.version: &amp;apos;1.8.0_101&amp;apos;
Driver info: org.openqa.selenium.firefox.FirefoxDriver
Capabilities [{moz:profile=C:\Users\lakeba24\AppData\Local\Temp\rust_mozprofile.lzi7DcqGQcA5, rotatable=false, timeouts={implicit=0, pageLoad=300000, script=30000}, pageLoadStrategy=normal, moz:headless=false, platform=XP, specificationLevel=0, moz:accessibilityChecks=false, acceptInsecureCerts=true, browserVersion=56.0, platformVersion=6.3, moz:processID=14904, browserName=firefox, javascriptEnabled=true, platformName=XP}]
Session ID: d9f6b543-0eb7-4f2f-977b-b39948448da9">
      <![CDATA[org.openqa.selenium.ElementNotInteractableException: 
Build info: version: '3.6.0', revision: '6fbf3ec767', time: '2017-09-27T15:28:36.4Z'
System info: host: 'LKB-L-024', ip: '10.0.0.101', os.name: 'Windows 8.1', os.arch: 'amd64', os.version: '6.3', java.version: '1.8.0_101'
Driver info: org.openqa.selenium.firefox.FirefoxDriver
Capabilities [{moz:profile=C:\Users\lakeba24\AppData\Local\Temp\rust_mozprofile.lzi7DcqGQcA5, rotatable=false, timeouts={implicit=0, pageLoad=300000, script=30000}, pageLoadStrategy=normal, moz:headless=false, platform=XP, specificationLevel=0, moz:accessibilityChecks=false, acceptInsecureCerts=true, browserVersion=56.0, platformVersion=6.3, moz:processID=14904, browserName=firefox, javascriptEnabled=true, platformName=XP}]
Session ID: d9f6b543-0eb7-4f2f-977b-b39948448da9
	at org.openqa.selenium.remote.http.W3CHttpResponseCodec.createException(W3CHttpResponseCodec.java:185)
	at org.openqa.selenium.remote.http.W3CHttpResponseCodec.decode(W3CHttpResponseCodec.java:120)
	at org.openqa.selenium.remote.http.W3CHttpResponseCodec.decode(W3CHttpResponseCodec.java:49)
	at org.openqa.selenium.remote.HttpCommandExecutor.execute(HttpCommandExecutor.java:164)
	at org.openqa.selenium.remote.service.DriverCommandExecutor.execute(DriverCommandExecutor.java:83)
	at org.openqa.selenium.remote.RemoteWebDriver.execute(RemoteWebDriver.java:586)
	at org.openqa.selenium.remote.RemoteWebElement.execute(RemoteWebElement.java:279)
	at org.openqa.selenium.remote.RemoteWebElement.click(RemoteWebElement.java:83)
	at quixxiversion3.Logout.signout(Logout.java:23)
	at javafiles.QuixxiAutomation.main(QuixxiAutomation.java:70)
... Removed 25 stack frames]]>
    </failure>
  </testcase> <!-- signout -->
</testsuite> <!-- firefox -->
