<?xml version="1.0" encoding="UTF-8"?>
<!-- Generated by org.testng.reporters.JUnitXMLReporter -->
<testsuite hostname="LKB-L-024" name="iexplorer" tests="4" failures="0" timestamp="16 Oct 2017 10:07:05 GMT" time="64.084" errors="0">
  <testcase name="explorer" time="16.392" classname="quixxiversion3.ExplorerBrowser"/>
  <testcase name="signin" time="11.144" classname="quixxiversion3.SignInPage"/>
  <testcase name="billing" time="24.029" classname="quixxiversion3.BillingScreen"/>
  <testcase name="signout" time="12.018" classname="quixxiversion3.Logout"/>
</testsuite> <!-- iexplorer -->
