<?xml version="1.0" encoding="UTF-8"?>
<!-- Generated by org.testng.reporters.JUnitXMLReporter -->
<testsuite hostname="LKB-L-024" name="positiveTest" tests="4" failures="0" timestamp="6 Oct 2017 08:13:00 GMT" time="87.316" errors="0">
  <testcase name="createReport" time="5.041" classname="quixxiversion3.RunClasses"/>
  <testcase name="chrome" time="18.064" classname="quixxiversion3.RunClasses"/>
  <testcase name="firefox" time="27.377" classname="quixxiversion3.FirefoxBrowser"/>
  <testcase name="userRegistrationNegative" time="36.24" classname="quixxiversion3.SignUp"/>
</testsuite> <!-- positiveTest -->
