<?xml version="1.0" encoding="UTF-8"?>
<!-- Generated by org.testng.reporters.JUnitXMLReporter -->
<testsuite hostname="LKB-L-024" name="positive" tests="6" failures="0" timestamp="25 May 2018 09:28:02 GMT" time="474.836" errors="0">
  <testcase name="createReport" time="0.716" classname="quixxiversion3.ChromeBrowser"/>
  <testcase name="chrome" time="17.944" classname="quixxiversion3.ChromeBrowser"/>
  <testcase name="signin" time="55.108" classname="quixxiversion3.SignInPage"/>
  <testcase name="package_addplatform" time="158.558" classname="quixxiversion3.PackageAddPlatform"/>
  <testcase name="newUser" time="213.584" classname="quixxiversion3.PackageAddPlatform"/>
  <testcase name="signout" time="28.172" classname="quixxiversion3.Logout"/>
</testsuite> <!-- positive -->
