<?xml version="1.0" encoding="UTF-8"?>
<!-- Generated by org.testng.reporters.JUnitXMLReporter -->
<testsuite hostname="LKB-L-024" name="safari" tests="6" failures="2" timestamp="10 Oct 2017 12:19:34 GMT" time="82.415" errors="0">
  <testcase name="safari" time="0.0" classname="quixxiversion3.SafariBrowser"/>
  <testcase name="signin" time="15.024" classname="quixxiversion3.SignInPage"/>
  <testcase name="Settings" time="0.0" classname="quixxiversion3.QuixxiAccount"/>
  <testcase name="subscriptionsForSecurity" time="39.134" classname="quixxiversion3.SubscriptionScreen">
    <failure type="org.openqa.selenium.NoSuchElementException" message="Unable to locate element: //*[@id=&amp;apos;securityPlan&amp;apos;]/div/div[1]/div[3]/div/table/tbody/tr[5]/td[4]/div/button
For documentation on this error, please visit: http://seleniumhq.org/exceptions/no_such_element.html
Build info: version: &amp;apos;3.6.0&amp;apos;, revision: &amp;apos;6fbf3ec767&amp;apos;, time: &amp;apos;2017-09-27T15:28:36.4Z&amp;apos;
System info: host: &amp;apos;LKB-L-024&amp;apos;, ip: &amp;apos;10.0.0.101&amp;apos;, os.name: &amp;apos;Windows 8.1&amp;apos;, os.arch: &amp;apos;amd64&amp;apos;, os.version: &amp;apos;6.3&amp;apos;, java.version: &amp;apos;1.8.0_101&amp;apos;
Driver info: org.openqa.selenium.firefox.FirefoxDriver
Capabilities [{moz:profile=C:\Users\lakeba24\AppData\Local\Temp\rust_mozprofile.lzi7DcqGQcA5, rotatable=false, timeouts={implicit=0, pageLoad=300000, script=30000}, pageLoadStrategy=normal, moz:headless=false, platform=XP, specificationLevel=0, moz:accessibilityChecks=false, acceptInsecureCerts=true, browserVersion=56.0, platformVersion=6.3, moz:processID=14904, browserName=firefox, javascriptEnabled=true, platformName=XP}]
Session ID: d9f6b543-0eb7-4f2f-977b-b39948448da9
*** Element info: {Using=xpath, value=//*[@id=&amp;apos;securityPlan&amp;apos;]/div/div[1]/div[3]/div/table/tbody/tr[5]/td[4]/div/button}">
      <![CDATA[org.openqa.selenium.NoSuchElementException: Unable to locate element: //*[@id='securityPlan']/div/div[1]/div[3]/div/table/tbody/tr[5]/td[4]/div/button
For documentation on this error, please visit: http://seleniumhq.org/exceptions/no_such_element.html
Build info: version: '3.6.0', revision: '6fbf3ec767', time: '2017-09-27T15:28:36.4Z'
System info: host: 'LKB-L-024', ip: '10.0.0.101', os.name: 'Windows 8.1', os.arch: 'amd64', os.version: '6.3', java.version: '1.8.0_101'
Driver info: org.openqa.selenium.firefox.FirefoxDriver
Capabilities [{moz:profile=C:\Users\lakeba24\AppData\Local\Temp\rust_mozprofile.lzi7DcqGQcA5, rotatable=false, timeouts={implicit=0, pageLoad=300000, script=30000}, pageLoadStrategy=normal, moz:headless=false, platform=XP, specificationLevel=0, moz:accessibilityChecks=false, acceptInsecureCerts=true, browserVersion=56.0, platformVersion=6.3, moz:processID=14904, browserName=firefox, javascriptEnabled=true, platformName=XP}]
Session ID: d9f6b543-0eb7-4f2f-977b-b39948448da9
*** Element info: {Using=xpath, value=//*[@id='securityPlan']/div/div[1]/div[3]/div/table/tbody/tr[5]/td[4]/div/button}
	at org.openqa.selenium.remote.http.W3CHttpResponseCodec.createException(W3CHttpResponseCodec.java:185)
	at org.openqa.selenium.remote.http.W3CHttpResponseCodec.decode(W3CHttpResponseCodec.java:120)
	at org.openqa.selenium.remote.http.W3CHttpResponseCodec.decode(W3CHttpResponseCodec.java:49)
	at org.openqa.selenium.remote.HttpCommandExecutor.execute(HttpCommandExecutor.java:164)
	at org.openqa.selenium.remote.service.DriverCommandExecutor.execute(DriverCommandExecutor.java:83)
	at org.openqa.selenium.remote.RemoteWebDriver.execute(RemoteWebDriver.java:586)
	at org.openqa.selenium.remote.RemoteWebDriver.findElement(RemoteWebDriver.java:356)
	at org.openqa.selenium.remote.RemoteWebDriver.findElementByXPath(RemoteWebDriver.java:458)
	at org.openqa.selenium.By$ByXPath.findElement(By.java:361)
	at org.openqa.selenium.remote.RemoteWebDriver.findElement(RemoteWebDriver.java:348)
	at org.openqa.selenium.support.pagefactory.DefaultElementLocator.findElement(DefaultElementLocator.java:69)
	at org.openqa.selenium.support.pagefactory.internal.LocatingElementHandler.invoke(LocatingElementHandler.java:38)
	at com.sun.proxy.$Proxy6.isDisplayed(Unknown Source)
	at quixxiversion3.SubscriptionScreen.subscriptionsForSecurity(SubscriptionScreen.java:124)
	at javafiles.QuixxiAutomation.main(QuixxiAutomation.java:70)
... Removed 25 stack frames]]>
    </failure>
  </testcase> <!-- subscriptionsForSecurity -->
  <testcase name="SubscriptionForControl" time="27.908" classname="quixxiversion3.SubscriptionScreen"/>
  <testcase name="signout" time="0.333" classname="quixxiversion3.Logout">
    <failure type="org.openqa.selenium.ElementNotInteractableException" message="
Build info: version: &amp;apos;3.6.0&amp;apos;, revision: &amp;apos;6fbf3ec767&amp;apos;, time: &amp;apos;2017-09-27T15:28:36.4Z&amp;apos;
System info: host: &amp;apos;LKB-L-024&amp;apos;, ip: &amp;apos;10.0.0.101&amp;apos;, os.name: &amp;apos;Windows 8.1&amp;apos;, os.arch: &amp;apos;amd64&amp;apos;, os.version: &amp;apos;6.3&amp;apos;, java.version: &amp;apos;1.8.0_101&amp;apos;
Driver info: org.openqa.selenium.firefox.FirefoxDriver
Capabilities [{moz:profile=C:\Users\lakeba24\AppData\Local\Temp\rust_mozprofile.lzi7DcqGQcA5, rotatable=false, timeouts={implicit=0, pageLoad=300000, script=30000}, pageLoadStrategy=normal, moz:headless=false, platform=XP, specificationLevel=0, moz:accessibilityChecks=false, acceptInsecureCerts=true, browserVersion=56.0, platformVersion=6.3, moz:processID=14904, browserName=firefox, javascriptEnabled=true, platformName=XP}]
Session ID: d9f6b543-0eb7-4f2f-977b-b39948448da9">
      <![CDATA[org.openqa.selenium.ElementNotInteractableException: 
Build info: version: '3.6.0', revision: '6fbf3ec767', time: '2017-09-27T15:28:36.4Z'
System info: host: 'LKB-L-024', ip: '10.0.0.101', os.name: 'Windows 8.1', os.arch: 'amd64', os.version: '6.3', java.version: '1.8.0_101'
Driver info: org.openqa.selenium.firefox.FirefoxDriver
Capabilities [{moz:profile=C:\Users\lakeba24\AppData\Local\Temp\rust_mozprofile.lzi7DcqGQcA5, rotatable=false, timeouts={implicit=0, pageLoad=300000, script=30000}, pageLoadStrategy=normal, moz:headless=false, platform=XP, specificationLevel=0, moz:accessibilityChecks=false, acceptInsecureCerts=true, browserVersion=56.0, platformVersion=6.3, moz:processID=14904, browserName=firefox, javascriptEnabled=true, platformName=XP}]
Session ID: d9f6b543-0eb7-4f2f-977b-b39948448da9
	at org.openqa.selenium.remote.http.W3CHttpResponseCodec.createException(W3CHttpResponseCodec.java:185)
	at org.openqa.selenium.remote.http.W3CHttpResponseCodec.decode(W3CHttpResponseCodec.java:120)
	at org.openqa.selenium.remote.http.W3CHttpResponseCodec.decode(W3CHttpResponseCodec.java:49)
	at org.openqa.selenium.remote.HttpCommandExecutor.execute(HttpCommandExecutor.java:164)
	at org.openqa.selenium.remote.service.DriverCommandExecutor.execute(DriverCommandExecutor.java:83)
	at org.openqa.selenium.remote.RemoteWebDriver.execute(RemoteWebDriver.java:586)
	at org.openqa.selenium.remote.RemoteWebElement.execute(RemoteWebElement.java:279)
	at org.openqa.selenium.remote.RemoteWebElement.click(RemoteWebElement.java:83)
	at quixxiversion3.Logout.signout(Logout.java:23)
	at javafiles.QuixxiAutomation.main(QuixxiAutomation.java:70)
... Removed 25 stack frames]]>
    </failure>
  </testcase> <!-- signout -->
</testsuite> <!-- safari -->
